[0.679s] Invoking command in '/home/ciror/Desktop/robotica/tps/tpFinalRobotica/tpFinalA/ros2_ws/src/tpFinalA': PYTHONPATH=/home/ciror/Desktop/robotica/tps/tpFinalRobotica/tpFinalA/ros2_ws/build/tpFinalA/prefix_override:/usr/lib/python3/dist-packages/colcon_core/task/python/colcon_distutils_commands:/home/ciror/Desktop/robotica/tps/tpFinalRobotica/tpFinalA/ros2_ws/install/tpFinalA/lib/python3.10/site-packages:${PYTHONPATH} /usr/bin/python3 -W ignore:setup.py install is deprecated -W ignore:easy_install command is deprecated setup.py egg_info --egg-base ../../build/tpFinalA build --build-base /home/ciror/Desktop/robotica/tps/tpFinalRobotica/tpFinalA/ros2_ws/build/tpFinalA/build install --record /home/ciror/Desktop/robotica/tps/tpFinalRobotica/tpFinalA/ros2_ws/build/tpFinalA/install.log --single-version-externally-managed install_data
[0.873s] running egg_info
[0.874s] writing ../../build/tpFinalA/tpFinalA.egg-info/PKG-INFO
[0.874s] writing dependency_links to ../../build/tpFinalA/tpFinalA.egg-info/dependency_links.txt
[0.874s] writing entry points to ../../build/tpFinalA/tpFinalA.egg-info/entry_points.txt
[0.874s] writing requirements to ../../build/tpFinalA/tpFinalA.egg-info/requires.txt
[0.874s] writing top-level names to ../../build/tpFinalA/tpFinalA.egg-info/top_level.txt
[0.875s] reading manifest file '../../build/tpFinalA/tpFinalA.egg-info/SOURCES.txt'
[0.875s] adding license file 'LICENSE'
[0.876s] writing manifest file '../../build/tpFinalA/tpFinalA.egg-info/SOURCES.txt'
[0.876s] running build
[0.876s] running build_py
[0.876s] copying tpFinalA/d_star_lite.py -> /home/ciror/Desktop/robotica/tps/tpFinalRobotica/tpFinalA/ros2_ws/build/tpFinalA/build/lib/tpFinalA
[0.876s] copying tpFinalA/slam.py -> /home/ciror/Desktop/robotica/tps/tpFinalRobotica/tpFinalA/ros2_ws/build/tpFinalA/build/lib/tpFinalA
[0.876s] copying tpFinalA/path_planning.py -> /home/ciror/Desktop/robotica/tps/tpFinalRobotica/tpFinalA/ros2_ws/build/tpFinalA/build/lib/tpFinalA
[0.877s] copying tpFinalA/save_map.py -> /home/ciror/Desktop/robotica/tps/tpFinalRobotica/tpFinalA/ros2_ws/build/tpFinalA/build/lib/tpFinalA
[0.877s] copying tpFinalA/navigation.py -> /home/ciror/Desktop/robotica/tps/tpFinalRobotica/tpFinalA/ros2_ws/build/tpFinalA/build/lib/tpFinalA
[0.877s] running install
[0.877s] running install_lib
[0.878s] copying /home/ciror/Desktop/robotica/tps/tpFinalRobotica/tpFinalA/ros2_ws/build/tpFinalA/build/lib/tpFinalA/d_star_lite.py -> /home/ciror/Desktop/robotica/tps/tpFinalRobotica/tpFinalA/ros2_ws/install/tpFinalA/lib/python3.10/site-packages/tpFinalA
[0.878s] copying /home/ciror/Desktop/robotica/tps/tpFinalRobotica/tpFinalA/ros2_ws/build/tpFinalA/build/lib/tpFinalA/slam.py -> /home/ciror/Desktop/robotica/tps/tpFinalRobotica/tpFinalA/ros2_ws/install/tpFinalA/lib/python3.10/site-packages/tpFinalA
[0.878s] copying /home/ciror/Desktop/robotica/tps/tpFinalRobotica/tpFinalA/ros2_ws/build/tpFinalA/build/lib/tpFinalA/path_planning.py -> /home/ciror/Desktop/robotica/tps/tpFinalRobotica/tpFinalA/ros2_ws/install/tpFinalA/lib/python3.10/site-packages/tpFinalA
[0.878s] copying /home/ciror/Desktop/robotica/tps/tpFinalRobotica/tpFinalA/ros2_ws/build/tpFinalA/build/lib/tpFinalA/save_map.py -> /home/ciror/Desktop/robotica/tps/tpFinalRobotica/tpFinalA/ros2_ws/install/tpFinalA/lib/python3.10/site-packages/tpFinalA
[0.878s] copying /home/ciror/Desktop/robotica/tps/tpFinalRobotica/tpFinalA/ros2_ws/build/tpFinalA/build/lib/tpFinalA/navigation.py -> /home/ciror/Desktop/robotica/tps/tpFinalRobotica/tpFinalA/ros2_ws/install/tpFinalA/lib/python3.10/site-packages/tpFinalA
[0.879s] byte-compiling /home/ciror/Desktop/robotica/tps/tpFinalRobotica/tpFinalA/ros2_ws/install/tpFinalA/lib/python3.10/site-packages/tpFinalA/d_star_lite.py to d_star_lite.cpython-310.pyc
[0.880s] byte-compiling /home/ciror/Desktop/robotica/tps/tpFinalRobotica/tpFinalA/ros2_ws/install/tpFinalA/lib/python3.10/site-packages/tpFinalA/slam.py to slam.cpython-310.pyc
[0.883s] byte-compiling /home/ciror/Desktop/robotica/tps/tpFinalRobotica/tpFinalA/ros2_ws/install/tpFinalA/lib/python3.10/site-packages/tpFinalA/path_planning.py to path_planning.cpython-310.pyc
[0.885s] byte-compiling /home/ciror/Desktop/robotica/tps/tpFinalRobotica/tpFinalA/ros2_ws/install/tpFinalA/lib/python3.10/site-packages/tpFinalA/save_map.py to save_map.cpython-310.pyc
[0.885s] byte-compiling /home/ciror/Desktop/robotica/tps/tpFinalRobotica/tpFinalA/ros2_ws/install/tpFinalA/lib/python3.10/site-packages/tpFinalA/navigation.py to navigation.cpython-310.pyc
[0.887s] running install_data
[0.887s] copying launch/launch_automatic_navigation.launch.py -> /home/ciror/Desktop/robotica/tps/tpFinalRobotica/tpFinalA/ros2_ws/install/tpFinalA/share/tpFinalA/launch
[0.887s] running install_egg_info
[0.888s] removing '/home/ciror/Desktop/robotica/tps/tpFinalRobotica/tpFinalA/ros2_ws/install/tpFinalA/lib/python3.10/site-packages/tpFinalA-0.0.0-py3.10.egg-info' (and everything under it)
[0.888s] Copying ../../build/tpFinalA/tpFinalA.egg-info to /home/ciror/Desktop/robotica/tps/tpFinalRobotica/tpFinalA/ros2_ws/install/tpFinalA/lib/python3.10/site-packages/tpFinalA-0.0.0-py3.10.egg-info
[0.889s] running install_scripts
[0.903s] Installing controller script to /home/ciror/Desktop/robotica/tps/tpFinalRobotica/tpFinalA/ros2_ws/install/tpFinalA/lib/tpFinalA
[0.903s] Installing localization script to /home/ciror/Desktop/robotica/tps/tpFinalRobotica/tpFinalA/ros2_ws/install/tpFinalA/lib/tpFinalA
[0.903s] Installing my_fastslam script to /home/ciror/Desktop/robotica/tps/tpFinalRobotica/tpFinalA/ros2_ws/install/tpFinalA/lib/tpFinalA
[0.904s] Installing my_odometry script to /home/ciror/Desktop/robotica/tps/tpFinalRobotica/tpFinalA/ros2_ws/install/tpFinalA/lib/tpFinalA
[0.904s] Installing plan_path script to /home/ciror/Desktop/robotica/tps/tpFinalRobotica/tpFinalA/ros2_ws/install/tpFinalA/lib/tpFinalA
[0.904s] Installing save_map script to /home/ciror/Desktop/robotica/tps/tpFinalRobotica/tpFinalA/ros2_ws/install/tpFinalA/lib/tpFinalA
[0.904s] writing list of installed files to '/home/ciror/Desktop/robotica/tps/tpFinalRobotica/tpFinalA/ros2_ws/build/tpFinalA/install.log'
[0.927s] Invoked command in '/home/ciror/Desktop/robotica/tps/tpFinalRobotica/tpFinalA/ros2_ws/src/tpFinalA' returned '0': PYTHONPATH=/home/ciror/Desktop/robotica/tps/tpFinalRobotica/tpFinalA/ros2_ws/build/tpFinalA/prefix_override:/usr/lib/python3/dist-packages/colcon_core/task/python/colcon_distutils_commands:/home/ciror/Desktop/robotica/tps/tpFinalRobotica/tpFinalA/ros2_ws/install/tpFinalA/lib/python3.10/site-packages:${PYTHONPATH} /usr/bin/python3 -W ignore:setup.py install is deprecated -W ignore:easy_install command is deprecated setup.py egg_info --egg-base ../../build/tpFinalA build --build-base /home/ciror/Desktop/robotica/tps/tpFinalRobotica/tpFinalA/ros2_ws/build/tpFinalA/build install --record /home/ciror/Desktop/robotica/tps/tpFinalRobotica/tpFinalA/ros2_ws/build/tpFinalA/install.log --single-version-externally-managed install_data
