[0.450s] Invoking command in '/home/ciror/Desktop/robotica/tps/tpFinalRobotica/tpFinalA/ros2_ws/src/tpFinalA': PYTHONPATH=/home/ciror/Desktop/robotica/tps/tpFinalRobotica/tpFinalA/ros2_ws/build/tpFinalA/prefix_override:/usr/lib/python3/dist-packages/colcon_core/task/python/colcon_distutils_commands:/home/ciror/Desktop/robotica/tps/tpFinalRobotica/tpFinalA/ros2_ws/install/tpFinalA/lib/python3.10/site-packages:${PYTHONPATH} /usr/bin/python3 -W ignore:setup.py install is deprecated -W ignore:easy_install command is deprecated setup.py egg_info --egg-base ../../build/tpFinalA build --build-base /home/ciror/Desktop/robotica/tps/tpFinalRobotica/tpFinalA/ros2_ws/build/tpFinalA/build install --record /home/ciror/Desktop/robotica/tps/tpFinalRobotica/tpFinalA/ros2_ws/build/tpFinalA/install.log --single-version-externally-managed install_data
[0.612s] running egg_info
[0.612s] writing ../../build/tpFinalA/tpFinalA.egg-info/PKG-INFO
[0.612s] writing dependency_links to ../../build/tpFinalA/tpFinalA.egg-info/dependency_links.txt
[0.613s] writing entry points to ../../build/tpFinalA/tpFinalA.egg-info/entry_points.txt
[0.613s] writing requirements to ../../build/tpFinalA/tpFinalA.egg-info/requires.txt
[0.613s] writing top-level names to ../../build/tpFinalA/tpFinalA.egg-info/top_level.txt
[0.614s] reading manifest file '../../build/tpFinalA/tpFinalA.egg-info/SOURCES.txt'
[0.615s] adding license file 'LICENSE'
[0.615s] writing manifest file '../../build/tpFinalA/tpFinalA.egg-info/SOURCES.txt'
[0.616s] running build
[0.616s] running build_py
[0.616s] copying tpFinalA/localization.py -> /home/ciror/Desktop/robotica/tps/tpFinalRobotica/tpFinalA/ros2_ws/build/tpFinalA/build/lib/tpFinalA
[0.616s] copying tpFinalA/channel_planner.py -> /home/ciror/Desktop/robotica/tps/tpFinalRobotica/tpFinalA/ros2_ws/build/tpFinalA/build/lib/tpFinalA
[0.616s] copying tpFinalA/slam.py -> /home/ciror/Desktop/robotica/tps/tpFinalRobotica/tpFinalA/ros2_ws/build/tpFinalA/build/lib/tpFinalA
[0.616s] copying tpFinalA/path_planning.py -> /home/ciror/Desktop/robotica/tps/tpFinalRobotica/tpFinalA/ros2_ws/build/tpFinalA/build/lib/tpFinalA
[0.616s] copying tpFinalA/save_map.py -> /home/ciror/Desktop/robotica/tps/tpFinalRobotica/tpFinalA/ros2_ws/build/tpFinalA/build/lib/tpFinalA
[0.616s] copying tpFinalA/navigation.py -> /home/ciror/Desktop/robotica/tps/tpFinalRobotica/tpFinalA/ros2_ws/build/tpFinalA/build/lib/tpFinalA
[0.616s] copying tpFinalA/odometry.py -> /home/ciror/Desktop/robotica/tps/tpFinalRobotica/tpFinalA/ros2_ws/build/tpFinalA/build/lib/tpFinalA
[0.616s] copying tpFinalA/save_landmarks.py -> /home/ciror/Desktop/robotica/tps/tpFinalRobotica/tpFinalA/ros2_ws/build/tpFinalA/build/lib/tpFinalA
[0.617s] copying tpFinalA/__init__.py -> /home/ciror/Desktop/robotica/tps/tpFinalRobotica/tpFinalA/ros2_ws/build/tpFinalA/build/lib/tpFinalA
[0.617s] running install
[0.617s] running install_lib
[0.617s] copying /home/ciror/Desktop/robotica/tps/tpFinalRobotica/tpFinalA/ros2_ws/build/tpFinalA/build/lib/tpFinalA/localization.py -> /home/ciror/Desktop/robotica/tps/tpFinalRobotica/tpFinalA/ros2_ws/install/tpFinalA/lib/python3.10/site-packages/tpFinalA
[0.617s] copying /home/ciror/Desktop/robotica/tps/tpFinalRobotica/tpFinalA/ros2_ws/build/tpFinalA/build/lib/tpFinalA/channel_planner.py -> /home/ciror/Desktop/robotica/tps/tpFinalRobotica/tpFinalA/ros2_ws/install/tpFinalA/lib/python3.10/site-packages/tpFinalA
[0.618s] copying /home/ciror/Desktop/robotica/tps/tpFinalRobotica/tpFinalA/ros2_ws/build/tpFinalA/build/lib/tpFinalA/slam.py -> /home/ciror/Desktop/robotica/tps/tpFinalRobotica/tpFinalA/ros2_ws/install/tpFinalA/lib/python3.10/site-packages/tpFinalA
[0.618s] copying /home/ciror/Desktop/robotica/tps/tpFinalRobotica/tpFinalA/ros2_ws/build/tpFinalA/build/lib/tpFinalA/path_planning.py -> /home/ciror/Desktop/robotica/tps/tpFinalRobotica/tpFinalA/ros2_ws/install/tpFinalA/lib/python3.10/site-packages/tpFinalA
[0.618s] copying /home/ciror/Desktop/robotica/tps/tpFinalRobotica/tpFinalA/ros2_ws/build/tpFinalA/build/lib/tpFinalA/save_map.py -> /home/ciror/Desktop/robotica/tps/tpFinalRobotica/tpFinalA/ros2_ws/install/tpFinalA/lib/python3.10/site-packages/tpFinalA
[0.618s] copying /home/ciror/Desktop/robotica/tps/tpFinalRobotica/tpFinalA/ros2_ws/build/tpFinalA/build/lib/tpFinalA/navigation.py -> /home/ciror/Desktop/robotica/tps/tpFinalRobotica/tpFinalA/ros2_ws/install/tpFinalA/lib/python3.10/site-packages/tpFinalA
[0.618s] copying /home/ciror/Desktop/robotica/tps/tpFinalRobotica/tpFinalA/ros2_ws/build/tpFinalA/build/lib/tpFinalA/odometry.py -> /home/ciror/Desktop/robotica/tps/tpFinalRobotica/tpFinalA/ros2_ws/install/tpFinalA/lib/python3.10/site-packages/tpFinalA
[0.618s] copying /home/ciror/Desktop/robotica/tps/tpFinalRobotica/tpFinalA/ros2_ws/build/tpFinalA/build/lib/tpFinalA/save_landmarks.py -> /home/ciror/Desktop/robotica/tps/tpFinalRobotica/tpFinalA/ros2_ws/install/tpFinalA/lib/python3.10/site-packages/tpFinalA
[0.618s] copying /home/ciror/Desktop/robotica/tps/tpFinalRobotica/tpFinalA/ros2_ws/build/tpFinalA/build/lib/tpFinalA/__init__.py -> /home/ciror/Desktop/robotica/tps/tpFinalRobotica/tpFinalA/ros2_ws/install/tpFinalA/lib/python3.10/site-packages/tpFinalA
[0.618s] byte-compiling /home/ciror/Desktop/robotica/tps/tpFinalRobotica/tpFinalA/ros2_ws/install/tpFinalA/lib/python3.10/site-packages/tpFinalA/localization.py to localization.cpython-310.pyc
[0.621s] byte-compiling /home/ciror/Desktop/robotica/tps/tpFinalRobotica/tpFinalA/ros2_ws/install/tpFinalA/lib/python3.10/site-packages/tpFinalA/channel_planner.py to channel_planner.cpython-310.pyc
[0.621s] byte-compiling /home/ciror/Desktop/robotica/tps/tpFinalRobotica/tpFinalA/ros2_ws/install/tpFinalA/lib/python3.10/site-packages/tpFinalA/slam.py to slam.cpython-310.pyc
[0.624s] byte-compiling /home/ciror/Desktop/robotica/tps/tpFinalRobotica/tpFinalA/ros2_ws/install/tpFinalA/lib/python3.10/site-packages/tpFinalA/path_planning.py to path_planning.cpython-310.pyc
[0.626s] byte-compiling /home/ciror/Desktop/robotica/tps/tpFinalRobotica/tpFinalA/ros2_ws/install/tpFinalA/lib/python3.10/site-packages/tpFinalA/save_map.py to save_map.cpython-310.pyc
[0.626s] byte-compiling /home/ciror/Desktop/robotica/tps/tpFinalRobotica/tpFinalA/ros2_ws/install/tpFinalA/lib/python3.10/site-packages/tpFinalA/navigation.py to navigation.cpython-310.pyc
[0.627s] byte-compiling /home/ciror/Desktop/robotica/tps/tpFinalRobotica/tpFinalA/ros2_ws/install/tpFinalA/lib/python3.10/site-packages/tpFinalA/odometry.py to odometry.cpython-310.pyc
[0.628s] byte-compiling /home/ciror/Desktop/robotica/tps/tpFinalRobotica/tpFinalA/ros2_ws/install/tpFinalA/lib/python3.10/site-packages/tpFinalA/save_landmarks.py to save_landmarks.cpython-310.pyc
[0.628s] byte-compiling /home/ciror/Desktop/robotica/tps/tpFinalRobotica/tpFinalA/ros2_ws/install/tpFinalA/lib/python3.10/site-packages/tpFinalA/__init__.py to __init__.cpython-310.pyc
[0.628s] running install_data
[0.628s] running install_egg_info
[0.630s] removing '/home/ciror/Desktop/robotica/tps/tpFinalRobotica/tpFinalA/ros2_ws/install/tpFinalA/lib/python3.10/site-packages/tpFinalA-0.0.0-py3.10.egg-info' (and everything under it)
[0.630s] Copying ../../build/tpFinalA/tpFinalA.egg-info to /home/ciror/Desktop/robotica/tps/tpFinalRobotica/tpFinalA/ros2_ws/install/tpFinalA/lib/python3.10/site-packages/tpFinalA-0.0.0-py3.10.egg-info
[0.630s] running install_scripts
[0.644s] Installing controller script to /home/ciror/Desktop/robotica/tps/tpFinalRobotica/tpFinalA/ros2_ws/install/tpFinalA/lib/tpFinalA
[0.644s] Installing localization script to /home/ciror/Desktop/robotica/tps/tpFinalRobotica/tpFinalA/ros2_ws/install/tpFinalA/lib/tpFinalA
[0.644s] Installing my_fastslam script to /home/ciror/Desktop/robotica/tps/tpFinalRobotica/tpFinalA/ros2_ws/install/tpFinalA/lib/tpFinalA
[0.644s] Installing my_odometry script to /home/ciror/Desktop/robotica/tps/tpFinalRobotica/tpFinalA/ros2_ws/install/tpFinalA/lib/tpFinalA
[0.644s] Installing plan_path script to /home/ciror/Desktop/robotica/tps/tpFinalRobotica/tpFinalA/ros2_ws/install/tpFinalA/lib/tpFinalA
[0.644s] Installing save_map script to /home/ciror/Desktop/robotica/tps/tpFinalRobotica/tpFinalA/ros2_ws/install/tpFinalA/lib/tpFinalA
[0.644s] writing list of installed files to '/home/ciror/Desktop/robotica/tps/tpFinalRobotica/tpFinalA/ros2_ws/build/tpFinalA/install.log'
[0.662s] Invoked command in '/home/ciror/Desktop/robotica/tps/tpFinalRobotica/tpFinalA/ros2_ws/src/tpFinalA' returned '0': PYTHONPATH=/home/ciror/Desktop/robotica/tps/tpFinalRobotica/tpFinalA/ros2_ws/build/tpFinalA/prefix_override:/usr/lib/python3/dist-packages/colcon_core/task/python/colcon_distutils_commands:/home/ciror/Desktop/robotica/tps/tpFinalRobotica/tpFinalA/ros2_ws/install/tpFinalA/lib/python3.10/site-packages:${PYTHONPATH} /usr/bin/python3 -W ignore:setup.py install is deprecated -W ignore:easy_install command is deprecated setup.py egg_info --egg-base ../../build/tpFinalA build --build-base /home/ciror/Desktop/robotica/tps/tpFinalRobotica/tpFinalA/ros2_ws/build/tpFinalA/build install --record /home/ciror/Desktop/robotica/tps/tpFinalRobotica/tpFinalA/ros2_ws/build/tpFinalA/install.log --single-version-externally-managed install_data
