[2.021s] Invoking command in '/home/ciror/Desktop/robotica/tps/tpFinalRobotica/tpFinalA/ros2_ws/src/tpFinalA': PYTHONPATH=/home/ciror/Desktop/robotica/tps/tpFinalRobotica/tpFinalA/build/tpFinalA/prefix_override:/usr/lib/python3/dist-packages/colcon_core/task/python/colcon_distutils_commands:/home/ciror/Desktop/robotica/tps/tpFinalRobotica/tpFinalA/install/tpFinalA/lib/python3.10/site-packages:${PYTHONPATH} /usr/bin/python3 -W ignore:setup.py install is deprecated -W ignore:easy_install command is deprecated setup.py egg_info --egg-base ../../../build/tpFinalA build --build-base /home/ciror/Desktop/robotica/tps/tpFinalRobotica/tpFinalA/build/tpFinalA/build install --record /home/ciror/Desktop/robotica/tps/tpFinalRobotica/tpFinalA/build/tpFinalA/install.log --single-version-externally-managed install_data
[2.660s] running egg_info
[2.662s] writing ../../../build/tpFinalA/tpFinalA.egg-info/PKG-INFO
[2.664s] writing dependency_links to ../../../build/tpFinalA/tpFinalA.egg-info/dependency_links.txt
[2.665s] writing entry points to ../../../build/tpFinalA/tpFinalA.egg-info/entry_points.txt
[2.665s] writing requirements to ../../../build/tpFinalA/tpFinalA.egg-info/requires.txt
[2.665s] writing top-level names to ../../../build/tpFinalA/tpFinalA.egg-info/top_level.txt
[2.671s] reading manifest file '../../../build/tpFinalA/tpFinalA.egg-info/SOURCES.txt'
[2.671s] adding license file 'LICENSE'
[2.672s] writing manifest file '../../../build/tpFinalA/tpFinalA.egg-info/SOURCES.txt'
[2.672s] running build
[2.673s] running build_py
[2.674s] copying tpFinalA/channel_planner.py -> /home/ciror/Desktop/robotica/tps/tpFinalRobotica/tpFinalA/build/tpFinalA/build/lib/tpFinalA
[2.675s] running install
[2.677s] running install_lib
[2.677s] copying /home/ciror/Desktop/robotica/tps/tpFinalRobotica/tpFinalA/build/tpFinalA/build/lib/tpFinalA/channel_planner.py -> /home/ciror/Desktop/robotica/tps/tpFinalRobotica/tpFinalA/install/tpFinalA/lib/python3.10/site-packages/tpFinalA
[2.679s] byte-compiling /home/ciror/Desktop/robotica/tps/tpFinalRobotica/tpFinalA/install/tpFinalA/lib/python3.10/site-packages/tpFinalA/channel_planner.py to channel_planner.cpython-310.pyc
[2.681s] running install_data
[2.681s] running install_egg_info
[2.686s] removing '/home/ciror/Desktop/robotica/tps/tpFinalRobotica/tpFinalA/install/tpFinalA/lib/python3.10/site-packages/tpFinalA-0.0.0-py3.10.egg-info' (and everything under it)
[2.687s] Copying ../../../build/tpFinalA/tpFinalA.egg-info to /home/ciror/Desktop/robotica/tps/tpFinalRobotica/tpFinalA/install/tpFinalA/lib/python3.10/site-packages/tpFinalA-0.0.0-py3.10.egg-info
[2.689s] running install_scripts
[2.745s] Installing controller script to /home/ciror/Desktop/robotica/tps/tpFinalRobotica/tpFinalA/install/tpFinalA/lib/tpFinalA
[2.745s] Installing localization script to /home/ciror/Desktop/robotica/tps/tpFinalRobotica/tpFinalA/install/tpFinalA/lib/tpFinalA
[2.745s] Installing my_fastslam script to /home/ciror/Desktop/robotica/tps/tpFinalRobotica/tpFinalA/install/tpFinalA/lib/tpFinalA
[2.745s] Installing my_odometry script to /home/ciror/Desktop/robotica/tps/tpFinalRobotica/tpFinalA/install/tpFinalA/lib/tpFinalA
[2.746s] Installing plan_path script to /home/ciror/Desktop/robotica/tps/tpFinalRobotica/tpFinalA/install/tpFinalA/lib/tpFinalA
[2.746s] Installing save_map script to /home/ciror/Desktop/robotica/tps/tpFinalRobotica/tpFinalA/install/tpFinalA/lib/tpFinalA
[2.747s] writing list of installed files to '/home/ciror/Desktop/robotica/tps/tpFinalRobotica/tpFinalA/build/tpFinalA/install.log'
[2.807s] Invoked command in '/home/ciror/Desktop/robotica/tps/tpFinalRobotica/tpFinalA/ros2_ws/src/tpFinalA' returned '0': PYTHONPATH=/home/ciror/Desktop/robotica/tps/tpFinalRobotica/tpFinalA/build/tpFinalA/prefix_override:/usr/lib/python3/dist-packages/colcon_core/task/python/colcon_distutils_commands:/home/ciror/Desktop/robotica/tps/tpFinalRobotica/tpFinalA/install/tpFinalA/lib/python3.10/site-packages:${PYTHONPATH} /usr/bin/python3 -W ignore:setup.py install is deprecated -W ignore:easy_install command is deprecated setup.py egg_info --egg-base ../../../build/tpFinalA build --build-base /home/ciror/Desktop/robotica/tps/tpFinalRobotica/tpFinalA/build/tpFinalA/build install --record /home/ciror/Desktop/robotica/tps/tpFinalRobotica/tpFinalA/build/tpFinalA/install.log --single-version-externally-managed install_data
