[1.580s] Invoking command in '/home/ciror/Desktop/robotica/tps/tpFinalRobotica/tpFinalA/ros2_ws/src/tpFinalA': PYTHONPATH=/home/ciror/Desktop/robotica/tps/tpFinalRobotica/tpFinalA/build/tpFinalA/prefix_override:/usr/lib/python3/dist-packages/colcon_core/task/python/colcon_distutils_commands:/home/ciror/Desktop/robotica/tps/tpFinalRobotica/tpFinalA/install/tpFinalA/lib/python3.10/site-packages:${PYTHONPATH} /usr/bin/python3 -W ignore:setup.py install is deprecated -W ignore:easy_install command is deprecated setup.py egg_info --egg-base ../../../build/tpFinalA build --build-base /home/ciror/Desktop/robotica/tps/tpFinalRobotica/tpFinalA/build/tpFinalA/build install --record /home/ciror/Desktop/robotica/tps/tpFinalRobotica/tpFinalA/build/tpFinalA/install.log --single-version-externally-managed install_data
[2.063s] running egg_info
[2.064s] writing ../../../build/tpFinalA/tpFinalA.egg-info/PKG-INFO
[2.064s] writing dependency_links to ../../../build/tpFinalA/tpFinalA.egg-info/dependency_links.txt
[2.065s] writing entry points to ../../../build/tpFinalA/tpFinalA.egg-info/entry_points.txt
[2.065s] writing requirements to ../../../build/tpFinalA/tpFinalA.egg-info/requires.txt
[2.065s] writing top-level names to ../../../build/tpFinalA/tpFinalA.egg-info/top_level.txt
[2.069s] reading manifest file '../../../build/tpFinalA/tpFinalA.egg-info/SOURCES.txt'
[2.069s] adding license file 'LICENSE'
[2.073s] writing manifest file '../../../build/tpFinalA/tpFinalA.egg-info/SOURCES.txt'
[2.073s] running build
[2.073s] running build_py
[2.073s] copying tpFinalA/navigation.py -> /home/ciror/Desktop/robotica/tps/tpFinalRobotica/tpFinalA/build/tpFinalA/build/lib/tpFinalA
[2.073s] running install
[2.074s] running install_lib
[2.075s] copying /home/ciror/Desktop/robotica/tps/tpFinalRobotica/tpFinalA/build/tpFinalA/build/lib/tpFinalA/navigation.py -> /home/ciror/Desktop/robotica/tps/tpFinalRobotica/tpFinalA/install/tpFinalA/lib/python3.10/site-packages/tpFinalA
[2.075s] byte-compiling /home/ciror/Desktop/robotica/tps/tpFinalRobotica/tpFinalA/install/tpFinalA/lib/python3.10/site-packages/tpFinalA/navigation.py to navigation.cpython-310.pyc
[2.078s] running install_data
[2.078s] running install_egg_info
[2.081s] removing '/home/ciror/Desktop/robotica/tps/tpFinalRobotica/tpFinalA/install/tpFinalA/lib/python3.10/site-packages/tpFinalA-0.0.0-py3.10.egg-info' (and everything under it)
[2.082s] Copying ../../../build/tpFinalA/tpFinalA.egg-info to /home/ciror/Desktop/robotica/tps/tpFinalRobotica/tpFinalA/install/tpFinalA/lib/python3.10/site-packages/tpFinalA-0.0.0-py3.10.egg-info
[2.083s] running install_scripts
[2.119s] Installing controller script to /home/ciror/Desktop/robotica/tps/tpFinalRobotica/tpFinalA/install/tpFinalA/lib/tpFinalA
[2.119s] Installing localization script to /home/ciror/Desktop/robotica/tps/tpFinalRobotica/tpFinalA/install/tpFinalA/lib/tpFinalA
[2.120s] Installing my_fastslam script to /home/ciror/Desktop/robotica/tps/tpFinalRobotica/tpFinalA/install/tpFinalA/lib/tpFinalA
[2.120s] Installing my_odometry script to /home/ciror/Desktop/robotica/tps/tpFinalRobotica/tpFinalA/install/tpFinalA/lib/tpFinalA
[2.122s] Installing plan_path script to /home/ciror/Desktop/robotica/tps/tpFinalRobotica/tpFinalA/install/tpFinalA/lib/tpFinalA
[2.122s] Installing save_map script to /home/ciror/Desktop/robotica/tps/tpFinalRobotica/tpFinalA/install/tpFinalA/lib/tpFinalA
[2.122s] writing list of installed files to '/home/ciror/Desktop/robotica/tps/tpFinalRobotica/tpFinalA/build/tpFinalA/install.log'
[2.160s] Invoked command in '/home/ciror/Desktop/robotica/tps/tpFinalRobotica/tpFinalA/ros2_ws/src/tpFinalA' returned '0': PYTHONPATH=/home/ciror/Desktop/robotica/tps/tpFinalRobotica/tpFinalA/build/tpFinalA/prefix_override:/usr/lib/python3/dist-packages/colcon_core/task/python/colcon_distutils_commands:/home/ciror/Desktop/robotica/tps/tpFinalRobotica/tpFinalA/install/tpFinalA/lib/python3.10/site-packages:${PYTHONPATH} /usr/bin/python3 -W ignore:setup.py install is deprecated -W ignore:easy_install command is deprecated setup.py egg_info --egg-base ../../../build/tpFinalA build --build-base /home/ciror/Desktop/robotica/tps/tpFinalRobotica/tpFinalA/build/tpFinalA/build install --record /home/ciror/Desktop/robotica/tps/tpFinalRobotica/tpFinalA/build/tpFinalA/install.log --single-version-externally-managed install_data
