/home/ciror/Desktop/robotica/tps/tpFinalA/ros2_ws/install/tpFinalA/lib/python3.10/site-packages/tpFinalA/slam.py
/home/ciror/Desktop/robotica/tps/tpFinalA/ros2_ws/install/tpFinalA/lib/python3.10/site-packages/tpFinalA/navigation.py
/home/ciror/Desktop/robotica/tps/tpFinalA/ros2_ws/install/tpFinalA/lib/python3.10/site-packages/tpFinalA/odometry.py
/home/ciror/Desktop/robotica/tps/tpFinalA/ros2_ws/install/tpFinalA/lib/python3.10/site-packages/tpFinalA/__init__.py
/home/ciror/Desktop/robotica/tps/tpFinalA/ros2_ws/install/tpFinalA/lib/python3.10/site-packages/tpFinalA/__pycache__/slam.cpython-310.pyc
/home/ciror/Desktop/robotica/tps/tpFinalA/ros2_ws/install/tpFinalA/lib/python3.10/site-packages/tpFinalA/__pycache__/navigation.cpython-310.pyc
/home/ciror/Desktop/robotica/tps/tpFinalA/ros2_ws/install/tpFinalA/lib/python3.10/site-packages/tpFinalA/__pycache__/odometry.cpython-310.pyc
/home/ciror/Desktop/robotica/tps/tpFinalA/ros2_ws/install/tpFinalA/lib/python3.10/site-packages/tpFinalA/__pycache__/__init__.cpython-310.pyc
/home/ciror/Desktop/robotica/tps/tpFinalA/ros2_ws/install/tpFinalA/share/ament_index/resource_index/packages/tpFinalA
/home/ciror/Desktop/robotica/tps/tpFinalA/ros2_ws/install/tpFinalA/share/tpFinalA/package.xml
/home/ciror/Desktop/robotica/tps/tpFinalA/ros2_ws/install/tpFinalA/lib/python3.10/site-packages/tpFinalA-0.0.0-py3.10.egg-info/requires.txt
/home/ciror/Desktop/robotica/tps/tpFinalA/ros2_ws/install/tpFinalA/lib/python3.10/site-packages/tpFinalA-0.0.0-py3.10.egg-info/top_level.txt
/home/ciror/Desktop/robotica/tps/tpFinalA/ros2_ws/install/tpFinalA/lib/python3.10/site-packages/tpFinalA-0.0.0-py3.10.egg-info/dependency_links.txt
/home/ciror/Desktop/robotica/tps/tpFinalA/ros2_ws/install/tpFinalA/lib/python3.10/site-packages/tpFinalA-0.0.0-py3.10.egg-info/zip-safe
/home/ciror/Desktop/robotica/tps/tpFinalA/ros2_ws/install/tpFinalA/lib/python3.10/site-packages/tpFinalA-0.0.0-py3.10.egg-info/entry_points.txt
/home/ciror/Desktop/robotica/tps/tpFinalA/ros2_ws/install/tpFinalA/lib/python3.10/site-packages/tpFinalA-0.0.0-py3.10.egg-info/SOURCES.txt
/home/ciror/Desktop/robotica/tps/tpFinalA/ros2_ws/install/tpFinalA/lib/python3.10/site-packages/tpFinalA-0.0.0-py3.10.egg-info/PKG-INFO
/home/ciror/Desktop/robotica/tps/tpFinalA/ros2_ws/install/tpFinalA/lib/tpFinalA/my_fastslam
/home/ciror/Desktop/robotica/tps/tpFinalA/ros2_ws/install/tpFinalA/lib/tpFinalA/my_navigation
/home/ciror/Desktop/robotica/tps/tpFinalA/ros2_ws/install/tpFinalA/lib/tpFinalA/my_odometry
