running egg_info
writing ../../build/tpFinalA/tpFinalA.egg-info/PKG-INFO
writing dependency_links to ../../build/tpFinalA/tpFinalA.egg-info/dependency_links.txt
writing entry points to ../../build/tpFinalA/tpFinalA.egg-info/entry_points.txt
writing requirements to ../../build/tpFinalA/tpFinalA.egg-info/requires.txt
writing top-level names to ../../build/tpFinalA/tpFinalA.egg-info/top_level.txt
reading manifest file '../../build/tpFinalA/tpFinalA.egg-info/SOURCES.txt'
adding license file 'LICENSE'
writing manifest file '../../build/tpFinalA/tpFinalA.egg-info/SOURCES.txt'
running build
running build_py
copying tpFinalA/slam.py -> /home/ciror/Desktop/robotica/tps/tpFinalA/ros2_ws/build/tpFinalA/build/lib/tpFinalA
copying tpFinalA/navigation.py -> /home/ciror/Desktop/robotica/tps/tpFinalA/ros2_ws/build/tpFinalA/build/lib/tpFinalA
running install
running install_lib
copying /home/ciror/Desktop/robotica/tps/tpFinalA/ros2_ws/build/tpFinalA/build/lib/tpFinalA/slam.py -> /home/ciror/Desktop/robotica/tps/tpFinalA/ros2_ws/install/tpFinalA/lib/python3.10/site-packages/tpFinalA
copying /home/ciror/Desktop/robotica/tps/tpFinalA/ros2_ws/build/tpFinalA/build/lib/tpFinalA/navigation.py -> /home/ciror/Desktop/robotica/tps/tpFinalA/ros2_ws/install/tpFinalA/lib/python3.10/site-packages/tpFinalA
byte-compiling /home/ciror/Desktop/robotica/tps/tpFinalA/ros2_ws/install/tpFinalA/lib/python3.10/site-packages/tpFinalA/slam.py to slam.cpython-310.pyc
byte-compiling /home/ciror/Desktop/robotica/tps/tpFinalA/ros2_ws/install/tpFinalA/lib/python3.10/site-packages/tpFinalA/navigation.py to navigation.cpython-310.pyc
running install_data
running install_egg_info
removing '/home/ciror/Desktop/robotica/tps/tpFinalA/ros2_ws/install/tpFinalA/lib/python3.10/site-packages/tpFinalA-0.0.0-py3.10.egg-info' (and everything under it)
Copying ../../build/tpFinalA/tpFinalA.egg-info to /home/ciror/Desktop/robotica/tps/tpFinalA/ros2_ws/install/tpFinalA/lib/python3.10/site-packages/tpFinalA-0.0.0-py3.10.egg-info
running install_scripts
Installing my_fastslam script to /home/ciror/Desktop/robotica/tps/tpFinalA/ros2_ws/install/tpFinalA/lib/tpFinalA
Installing my_navigation script to /home/ciror/Desktop/robotica/tps/tpFinalA/ros2_ws/install/tpFinalA/lib/tpFinalA
Installing my_odometry script to /home/ciror/Desktop/robotica/tps/tpFinalA/ros2_ws/install/tpFinalA/lib/tpFinalA
writing list of installed files to '/home/ciror/Desktop/robotica/tps/tpFinalA/ros2_ws/build/tpFinalA/install.log'
