[0.502s] Invoking command in '/home/ciror/Desktop/robotica/tps/tpFinalRobotica/tpFinalA/ros2_ws/src/tpFinalA': PYTHONPATH=/home/ciror/Desktop/robotica/tps/tpFinalRobotica/tpFinalA/ros2_ws/build/tpFinalA/prefix_override:/usr/lib/python3/dist-packages/colcon_core/task/python/colcon_distutils_commands:/home/ciror/Desktop/robotica/tps/tpFinalRobotica/tpFinalA/ros2_ws/install/tpFinalA/lib/python3.10/site-packages:${PYTHONPATH} /usr/bin/python3 -W ignore:setup.py install is deprecated -W ignore:easy_install command is deprecated setup.py egg_info --egg-base ../../build/tpFinalA build --build-base /home/ciror/Desktop/robotica/tps/tpFinalRobotica/tpFinalA/ros2_ws/build/tpFinalA/build install --record /home/ciror/Desktop/robotica/tps/tpFinalRobotica/tpFinalA/ros2_ws/build/tpFinalA/install.log --single-version-externally-managed install_data
[0.733s] running egg_info
[0.734s] writing ../../build/tpFinalA/tpFinalA.egg-info/PKG-INFO
[0.734s] writing dependency_links to ../../build/tpFinalA/tpFinalA.egg-info/dependency_links.txt
[0.734s] writing entry points to ../../build/tpFinalA/tpFinalA.egg-info/entry_points.txt
[0.734s] writing requirements to ../../build/tpFinalA/tpFinalA.egg-info/requires.txt
[0.734s] writing top-level names to ../../build/tpFinalA/tpFinalA.egg-info/top_level.txt
[0.736s] reading manifest file '../../build/tpFinalA/tpFinalA.egg-info/SOURCES.txt'
[0.736s] adding license file 'LICENSE'
[0.737s] writing manifest file '../../build/tpFinalA/tpFinalA.egg-info/SOURCES.txt'
[0.737s] running build
[0.737s] running build_py
[0.737s] copying tpFinalA/localization.py -> /home/ciror/Desktop/robotica/tps/tpFinalRobotica/tpFinalA/ros2_ws/build/tpFinalA/build/lib/tpFinalA
[0.737s] copying tpFinalA/navigation.py -> /home/ciror/Desktop/robotica/tps/tpFinalRobotica/tpFinalA/ros2_ws/build/tpFinalA/build/lib/tpFinalA
[0.737s] running install
[0.738s] running install_lib
[0.738s] copying /home/ciror/Desktop/robotica/tps/tpFinalRobotica/tpFinalA/ros2_ws/build/tpFinalA/build/lib/tpFinalA/localization.py -> /home/ciror/Desktop/robotica/tps/tpFinalRobotica/tpFinalA/ros2_ws/install/tpFinalA/lib/python3.10/site-packages/tpFinalA
[0.738s] copying /home/ciror/Desktop/robotica/tps/tpFinalRobotica/tpFinalA/ros2_ws/build/tpFinalA/build/lib/tpFinalA/navigation.py -> /home/ciror/Desktop/robotica/tps/tpFinalRobotica/tpFinalA/ros2_ws/install/tpFinalA/lib/python3.10/site-packages/tpFinalA
[0.739s] byte-compiling /home/ciror/Desktop/robotica/tps/tpFinalRobotica/tpFinalA/ros2_ws/install/tpFinalA/lib/python3.10/site-packages/tpFinalA/localization.py to localization.cpython-310.pyc
[0.742s] byte-compiling /home/ciror/Desktop/robotica/tps/tpFinalRobotica/tpFinalA/ros2_ws/install/tpFinalA/lib/python3.10/site-packages/tpFinalA/navigation.py to navigation.cpython-310.pyc
[0.743s] running install_data
[0.743s] copying launch/launch_automatic_navigation.launch.py -> /home/ciror/Desktop/robotica/tps/tpFinalRobotica/tpFinalA/ros2_ws/install/tpFinalA/share/tpFinalA/launch
[0.743s] running install_egg_info
[0.744s] removing '/home/ciror/Desktop/robotica/tps/tpFinalRobotica/tpFinalA/ros2_ws/install/tpFinalA/lib/python3.10/site-packages/tpFinalA-0.0.0-py3.10.egg-info' (and everything under it)
[0.744s] Copying ../../build/tpFinalA/tpFinalA.egg-info to /home/ciror/Desktop/robotica/tps/tpFinalRobotica/tpFinalA/ros2_ws/install/tpFinalA/lib/python3.10/site-packages/tpFinalA-0.0.0-py3.10.egg-info
[0.745s] running install_scripts
[0.759s] Installing controller script to /home/ciror/Desktop/robotica/tps/tpFinalRobotica/tpFinalA/ros2_ws/install/tpFinalA/lib/tpFinalA
[0.759s] Installing localization script to /home/ciror/Desktop/robotica/tps/tpFinalRobotica/tpFinalA/ros2_ws/install/tpFinalA/lib/tpFinalA
[0.759s] Installing my_fastslam script to /home/ciror/Desktop/robotica/tps/tpFinalRobotica/tpFinalA/ros2_ws/install/tpFinalA/lib/tpFinalA
[0.759s] Installing my_odometry script to /home/ciror/Desktop/robotica/tps/tpFinalRobotica/tpFinalA/ros2_ws/install/tpFinalA/lib/tpFinalA
[0.759s] Installing plan_path script to /home/ciror/Desktop/robotica/tps/tpFinalRobotica/tpFinalA/ros2_ws/install/tpFinalA/lib/tpFinalA
[0.759s] Installing save_map script to /home/ciror/Desktop/robotica/tps/tpFinalRobotica/tpFinalA/ros2_ws/install/tpFinalA/lib/tpFinalA
[0.759s] writing list of installed files to '/home/ciror/Desktop/robotica/tps/tpFinalRobotica/tpFinalA/ros2_ws/build/tpFinalA/install.log'
[0.781s] Invoked command in '/home/ciror/Desktop/robotica/tps/tpFinalRobotica/tpFinalA/ros2_ws/src/tpFinalA' returned '0': PYTHONPATH=/home/ciror/Desktop/robotica/tps/tpFinalRobotica/tpFinalA/ros2_ws/build/tpFinalA/prefix_override:/usr/lib/python3/dist-packages/colcon_core/task/python/colcon_distutils_commands:/home/ciror/Desktop/robotica/tps/tpFinalRobotica/tpFinalA/ros2_ws/install/tpFinalA/lib/python3.10/site-packages:${PYTHONPATH} /usr/bin/python3 -W ignore:setup.py install is deprecated -W ignore:easy_install command is deprecated setup.py egg_info --egg-base ../../build/tpFinalA build --build-base /home/ciror/Desktop/robotica/tps/tpFinalRobotica/tpFinalA/ros2_ws/build/tpFinalA/build install --record /home/ciror/Desktop/robotica/tps/tpFinalRobotica/tpFinalA/ros2_ws/build/tpFinalA/install.log --single-version-externally-managed install_data
