[0.432s] Invoking command in '/home/ciror/Desktop/robotica/tps/tpFinalA/ros2_ws/src/tpFinalA': PYTHONPATH=/home/ciror/Desktop/robotica/tps/tpFinalA/build/tpFinalA/prefix_override:/usr/lib/python3/dist-packages/colcon_core/task/python/colcon_distutils_commands:/home/ciror/Desktop/robotica/tps/tpFinalA/install/tpFinalA/lib/python3.10/site-packages:${PYTHONPATH} /usr/bin/python3 -W ignore:setup.py install is deprecated -W ignore:easy_install command is deprecated setup.py egg_info --egg-base ../../../build/tpFinalA build --build-base /home/ciror/Desktop/robotica/tps/tpFinalA/build/tpFinalA/build install --record /home/ciror/Desktop/robotica/tps/tpFinalA/build/tpFinalA/install.log --single-version-externally-managed install_data
[0.604s] running egg_info
[0.605s] writing ../../../build/tpFinalA/tpFinalA.egg-info/PKG-INFO
[0.605s] writing dependency_links to ../../../build/tpFinalA/tpFinalA.egg-info/dependency_links.txt
[0.605s] writing entry points to ../../../build/tpFinalA/tpFinalA.egg-info/entry_points.txt
[0.605s] writing requirements to ../../../build/tpFinalA/tpFinalA.egg-info/requires.txt
[0.605s] writing top-level names to ../../../build/tpFinalA/tpFinalA.egg-info/top_level.txt
[0.606s] reading manifest file '../../../build/tpFinalA/tpFinalA.egg-info/SOURCES.txt'
[0.607s] adding license file 'LICENSE'
[0.607s] writing manifest file '../../../build/tpFinalA/tpFinalA.egg-info/SOURCES.txt'
[0.608s] running build
[0.608s] running build_py
[0.608s] running install
[0.608s] running install_lib
[0.609s] running install_data
[0.609s] running install_egg_info
[0.610s] removing '/home/ciror/Desktop/robotica/tps/tpFinalA/install/tpFinalA/lib/python3.10/site-packages/tpFinalA-0.0.0-py3.10.egg-info' (and everything under it)
[0.610s] Copying ../../../build/tpFinalA/tpFinalA.egg-info to /home/ciror/Desktop/robotica/tps/tpFinalA/install/tpFinalA/lib/python3.10/site-packages/tpFinalA-0.0.0-py3.10.egg-info
[0.610s] running install_scripts
[0.624s] Installing my_fastslam script to /home/ciror/Desktop/robotica/tps/tpFinalA/install/tpFinalA/lib/tpFinalA
[0.624s] Installing my_odometry script to /home/ciror/Desktop/robotica/tps/tpFinalA/install/tpFinalA/lib/tpFinalA
[0.624s] writing list of installed files to '/home/ciror/Desktop/robotica/tps/tpFinalA/build/tpFinalA/install.log'
[0.642s] Invoked command in '/home/ciror/Desktop/robotica/tps/tpFinalA/ros2_ws/src/tpFinalA' returned '0': PYTHONPATH=/home/ciror/Desktop/robotica/tps/tpFinalA/build/tpFinalA/prefix_override:/usr/lib/python3/dist-packages/colcon_core/task/python/colcon_distutils_commands:/home/ciror/Desktop/robotica/tps/tpFinalA/install/tpFinalA/lib/python3.10/site-packages:${PYTHONPATH} /usr/bin/python3 -W ignore:setup.py install is deprecated -W ignore:easy_install command is deprecated setup.py egg_info --egg-base ../../../build/tpFinalA build --build-base /home/ciror/Desktop/robotica/tps/tpFinalA/build/tpFinalA/build install --record /home/ciror/Desktop/robotica/tps/tpFinalA/build/tpFinalA/install.log --single-version-externally-managed install_data
