[0.476s] Invoking command in '/home/ciror/Desktop/robotica/tps/tpFinalRobotica/tpFinalA/ros2_ws/src/tpFinalA': PYTHONPATH=/home/ciror/Desktop/robotica/tps/tpFinalRobotica/tpFinalA/ros2_ws/build/tpFinalA/prefix_override:/usr/lib/python3/dist-packages/colcon_core/task/python/colcon_distutils_commands:/home/ciror/Desktop/robotica/tps/tpFinalRobotica/tpFinalA/ros2_ws/install/tpFinalA/lib/python3.10/site-packages:${PYTHONPATH} /usr/bin/python3 -W ignore:setup.py install is deprecated -W ignore:easy_install command is deprecated setup.py egg_info --egg-base ../../build/tpFinalA build --build-base /home/ciror/Desktop/robotica/tps/tpFinalRobotica/tpFinalA/ros2_ws/build/tpFinalA/build install --record /home/ciror/Desktop/robotica/tps/tpFinalRobotica/tpFinalA/ros2_ws/build/tpFinalA/install.log --single-version-externally-managed install_data
[0.749s] running egg_info
[0.750s] writing ../../build/tpFinalA/tpFinalA.egg-info/PKG-INFO
[0.750s] writing dependency_links to ../../build/tpFinalA/tpFinalA.egg-info/dependency_links.txt
[0.750s] writing entry points to ../../build/tpFinalA/tpFinalA.egg-info/entry_points.txt
[0.750s] writing requirements to ../../build/tpFinalA/tpFinalA.egg-info/requires.txt
[0.750s] writing top-level names to ../../build/tpFinalA/tpFinalA.egg-info/top_level.txt
[0.752s] reading manifest file '../../build/tpFinalA/tpFinalA.egg-info/SOURCES.txt'
[0.752s] adding license file 'LICENSE'
[0.752s] writing manifest file '../../build/tpFinalA/tpFinalA.egg-info/SOURCES.txt'
[0.753s] running build
[0.753s] running build_py
[0.753s] copying tpFinalA/d_star_lite.py -> /home/ciror/Desktop/robotica/tps/tpFinalRobotica/tpFinalA/ros2_ws/build/tpFinalA/build/lib/tpFinalA
[0.753s] running install
[0.753s] running install_lib
[0.754s] copying /home/ciror/Desktop/robotica/tps/tpFinalRobotica/tpFinalA/ros2_ws/build/tpFinalA/build/lib/tpFinalA/d_star_lite.py -> /home/ciror/Desktop/robotica/tps/tpFinalRobotica/tpFinalA/ros2_ws/install/tpFinalA/lib/python3.10/site-packages/tpFinalA
[0.755s] byte-compiling /home/ciror/Desktop/robotica/tps/tpFinalRobotica/tpFinalA/ros2_ws/install/tpFinalA/lib/python3.10/site-packages/tpFinalA/d_star_lite.py to d_star_lite.cpython-310.pyc
[0.756s] running install_data
[0.756s] running install_egg_info
[0.758s] removing '/home/ciror/Desktop/robotica/tps/tpFinalRobotica/tpFinalA/ros2_ws/install/tpFinalA/lib/python3.10/site-packages/tpFinalA-0.0.0-py3.10.egg-info' (and everything under it)
[0.758s] Copying ../../build/tpFinalA/tpFinalA.egg-info to /home/ciror/Desktop/robotica/tps/tpFinalRobotica/tpFinalA/ros2_ws/install/tpFinalA/lib/python3.10/site-packages/tpFinalA-0.0.0-py3.10.egg-info
[0.758s] running install_scripts
[0.774s] Installing controller script to /home/ciror/Desktop/robotica/tps/tpFinalRobotica/tpFinalA/ros2_ws/install/tpFinalA/lib/tpFinalA
[0.774s] Installing localization script to /home/ciror/Desktop/robotica/tps/tpFinalRobotica/tpFinalA/ros2_ws/install/tpFinalA/lib/tpFinalA
[0.774s] Installing my_fastslam script to /home/ciror/Desktop/robotica/tps/tpFinalRobotica/tpFinalA/ros2_ws/install/tpFinalA/lib/tpFinalA
[0.774s] Installing my_odometry script to /home/ciror/Desktop/robotica/tps/tpFinalRobotica/tpFinalA/ros2_ws/install/tpFinalA/lib/tpFinalA
[0.774s] Installing plan_path script to /home/ciror/Desktop/robotica/tps/tpFinalRobotica/tpFinalA/ros2_ws/install/tpFinalA/lib/tpFinalA
[0.774s] Installing save_map script to /home/ciror/Desktop/robotica/tps/tpFinalRobotica/tpFinalA/ros2_ws/install/tpFinalA/lib/tpFinalA
[0.774s] writing list of installed files to '/home/ciror/Desktop/robotica/tps/tpFinalRobotica/tpFinalA/ros2_ws/build/tpFinalA/install.log'
[0.795s] Invoked command in '/home/ciror/Desktop/robotica/tps/tpFinalRobotica/tpFinalA/ros2_ws/src/tpFinalA' returned '0': PYTHONPATH=/home/ciror/Desktop/robotica/tps/tpFinalRobotica/tpFinalA/ros2_ws/build/tpFinalA/prefix_override:/usr/lib/python3/dist-packages/colcon_core/task/python/colcon_distutils_commands:/home/ciror/Desktop/robotica/tps/tpFinalRobotica/tpFinalA/ros2_ws/install/tpFinalA/lib/python3.10/site-packages:${PYTHONPATH} /usr/bin/python3 -W ignore:setup.py install is deprecated -W ignore:easy_install command is deprecated setup.py egg_info --egg-base ../../build/tpFinalA build --build-base /home/ciror/Desktop/robotica/tps/tpFinalRobotica/tpFinalA/ros2_ws/build/tpFinalA/build install --record /home/ciror/Desktop/robotica/tps/tpFinalRobotica/tpFinalA/ros2_ws/build/tpFinalA/install.log --single-version-externally-managed install_data
