running egg_info
writing ../../../build/tpFinalA/tpFinalA.egg-info/PKG-INFO
writing dependency_links to ../../../build/tpFinalA/tpFinalA.egg-info/dependency_links.txt
writing entry points to ../../../build/tpFinalA/tpFinalA.egg-info/entry_points.txt
writing requirements to ../../../build/tpFinalA/tpFinalA.egg-info/requires.txt
writing top-level names to ../../../build/tpFinalA/tpFinalA.egg-info/top_level.txt
reading manifest file '../../../build/tpFinalA/tpFinalA.egg-info/SOURCES.txt'
adding license file 'LICENSE'
writing manifest file '../../../build/tpFinalA/tpFinalA.egg-info/SOURCES.txt'
running build
running build_py
running install
running install_lib
running install_data
copying launch/launch_fastslam.launch.py -> /home/ciror/Desktop/robotica/tps/tpFinalRobotica/tpFinalA/install/tpFinalA/share/tpFinalA/launch
running install_egg_info
removing '/home/ciror/Desktop/robotica/tps/tpFinalRobotica/tpFinalA/install/tpFinalA/lib/python3.10/site-packages/tpFinalA-0.0.0-py3.10.egg-info' (and everything under it)
Copying ../../../build/tpFinalA/tpFinalA.egg-info to /home/ciror/Desktop/robotica/tps/tpFinalRobotica/tpFinalA/install/tpFinalA/lib/python3.10/site-packages/tpFinalA-0.0.0-py3.10.egg-info
running install_scripts
Installing my_fastslam script to /home/ciror/Desktop/robotica/tps/tpFinalRobotica/tpFinalA/install/tpFinalA/lib/tpFinalA
Installing my_navigation script to /home/ciror/Desktop/robotica/tps/tpFinalRobotica/tpFinalA/install/tpFinalA/lib/tpFinalA
Installing my_odometry script to /home/ciror/Desktop/robotica/tps/tpFinalRobotica/tpFinalA/install/tpFinalA/lib/tpFinalA
Installing save_map script to /home/ciror/Desktop/robotica/tps/tpFinalRobotica/tpFinalA/install/tpFinalA/lib/tpFinalA
writing list of installed files to '/home/ciror/Desktop/robotica/tps/tpFinalRobotica/tpFinalA/build/tpFinalA/install.log'
