[1.976s] Invoking command in '/home/ciror/Desktop/robotica/tps/tpFinalRobotica/tpFinalA/ros2_ws/src/tpFinalA': PYTHONPATH=/home/ciror/Desktop/robotica/tps/tpFinalRobotica/tpFinalA/build/tpFinalA/prefix_override:/usr/lib/python3/dist-packages/colcon_core/task/python/colcon_distutils_commands:/home/ciror/Desktop/robotica/tps/tpFinalRobotica/tpFinalA/install/tpFinalA/lib/python3.10/site-packages:${PYTHONPATH} /usr/bin/python3 -W ignore:setup.py install is deprecated -W ignore:easy_install command is deprecated setup.py egg_info --egg-base ../../../build/tpFinalA build --build-base /home/ciror/Desktop/robotica/tps/tpFinalRobotica/tpFinalA/build/tpFinalA/build install --record /home/ciror/Desktop/robotica/tps/tpFinalRobotica/tpFinalA/build/tpFinalA/install.log --single-version-externally-managed install_data
[2.946s] running egg_info
[2.948s] writing ../../../build/tpFinalA/tpFinalA.egg-info/PKG-INFO
[2.949s] writing dependency_links to ../../../build/tpFinalA/tpFinalA.egg-info/dependency_links.txt
[2.949s] writing entry points to ../../../build/tpFinalA/tpFinalA.egg-info/entry_points.txt
[2.950s] writing requirements to ../../../build/tpFinalA/tpFinalA.egg-info/requires.txt
[2.950s] writing top-level names to ../../../build/tpFinalA/tpFinalA.egg-info/top_level.txt
[2.954s] reading manifest file '../../../build/tpFinalA/tpFinalA.egg-info/SOURCES.txt'
[2.954s] adding license file 'LICENSE'
[2.957s] writing manifest file '../../../build/tpFinalA/tpFinalA.egg-info/SOURCES.txt'
[2.957s] running build
[2.958s] running build_py
[2.960s] copying tpFinalA/channel_planner.py -> /home/ciror/Desktop/robotica/tps/tpFinalRobotica/tpFinalA/build/tpFinalA/build/lib/tpFinalA
[2.962s] running install
[2.962s] running install_lib
[2.966s] copying /home/ciror/Desktop/robotica/tps/tpFinalRobotica/tpFinalA/build/tpFinalA/build/lib/tpFinalA/channel_planner.py -> /home/ciror/Desktop/robotica/tps/tpFinalRobotica/tpFinalA/install/tpFinalA/lib/python3.10/site-packages/tpFinalA
[2.968s] byte-compiling /home/ciror/Desktop/robotica/tps/tpFinalRobotica/tpFinalA/install/tpFinalA/lib/python3.10/site-packages/tpFinalA/channel_planner.py to channel_planner.cpython-310.pyc
[2.971s] running install_data
[2.971s] running install_egg_info
[2.979s] removing '/home/ciror/Desktop/robotica/tps/tpFinalRobotica/tpFinalA/install/tpFinalA/lib/python3.10/site-packages/tpFinalA-0.0.0-py3.10.egg-info' (and everything under it)
[2.980s] Copying ../../../build/tpFinalA/tpFinalA.egg-info to /home/ciror/Desktop/robotica/tps/tpFinalRobotica/tpFinalA/install/tpFinalA/lib/python3.10/site-packages/tpFinalA-0.0.0-py3.10.egg-info
[2.982s] running install_scripts
[3.039s] Installing controller script to /home/ciror/Desktop/robotica/tps/tpFinalRobotica/tpFinalA/install/tpFinalA/lib/tpFinalA
[3.039s] Installing localization script to /home/ciror/Desktop/robotica/tps/tpFinalRobotica/tpFinalA/install/tpFinalA/lib/tpFinalA
[3.040s] Installing my_fastslam script to /home/ciror/Desktop/robotica/tps/tpFinalRobotica/tpFinalA/install/tpFinalA/lib/tpFinalA
[3.040s] Installing my_odometry script to /home/ciror/Desktop/robotica/tps/tpFinalRobotica/tpFinalA/install/tpFinalA/lib/tpFinalA
[3.041s] Installing plan_path script to /home/ciror/Desktop/robotica/tps/tpFinalRobotica/tpFinalA/install/tpFinalA/lib/tpFinalA
[3.041s] Installing save_map script to /home/ciror/Desktop/robotica/tps/tpFinalRobotica/tpFinalA/install/tpFinalA/lib/tpFinalA
[3.042s] writing list of installed files to '/home/ciror/Desktop/robotica/tps/tpFinalRobotica/tpFinalA/build/tpFinalA/install.log'
[3.109s] Invoked command in '/home/ciror/Desktop/robotica/tps/tpFinalRobotica/tpFinalA/ros2_ws/src/tpFinalA' returned '0': PYTHONPATH=/home/ciror/Desktop/robotica/tps/tpFinalRobotica/tpFinalA/build/tpFinalA/prefix_override:/usr/lib/python3/dist-packages/colcon_core/task/python/colcon_distutils_commands:/home/ciror/Desktop/robotica/tps/tpFinalRobotica/tpFinalA/install/tpFinalA/lib/python3.10/site-packages:${PYTHONPATH} /usr/bin/python3 -W ignore:setup.py install is deprecated -W ignore:easy_install command is deprecated setup.py egg_info --egg-base ../../../build/tpFinalA build --build-base /home/ciror/Desktop/robotica/tps/tpFinalRobotica/tpFinalA/build/tpFinalA/build install --record /home/ciror/Desktop/robotica/tps/tpFinalRobotica/tpFinalA/build/tpFinalA/install.log --single-version-externally-managed install_data
