running egg_info
creating ../../../build/tpFinalA/tpFinalA.egg-info
writing ../../../build/tpFinalA/tpFinalA.egg-info/PKG-INFO
writing dependency_links to ../../../build/tpFinalA/tpFinalA.egg-info/dependency_links.txt
writing entry points to ../../../build/tpFinalA/tpFinalA.egg-info/entry_points.txt
writing requirements to ../../../build/tpFinalA/tpFinalA.egg-info/requires.txt
writing top-level names to ../../../build/tpFinalA/tpFinalA.egg-info/top_level.txt
writing manifest file '../../../build/tpFinalA/tpFinalA.egg-info/SOURCES.txt'
reading manifest file '../../../build/tpFinalA/tpFinalA.egg-info/SOURCES.txt'
adding license file 'LICENSE'
writing manifest file '../../../build/tpFinalA/tpFinalA.egg-info/SOURCES.txt'
running build
running build_py
creating /home/ciror/Desktop/robotica/tps/tpFinalA/build/tpFinalA/build
creating /home/ciror/Desktop/robotica/tps/tpFinalA/build/tpFinalA/build/lib
creating /home/ciror/Desktop/robotica/tps/tpFinalA/build/tpFinalA/build/lib/tpFinalA
copying tpFinalA/slam.py -> /home/ciror/Desktop/robotica/tps/tpFinalA/build/tpFinalA/build/lib/tpFinalA
copying tpFinalA/odometry.py -> /home/ciror/Desktop/robotica/tps/tpFinalA/build/tpFinalA/build/lib/tpFinalA
copying tpFinalA/__init__.py -> /home/ciror/Desktop/robotica/tps/tpFinalA/build/tpFinalA/build/lib/tpFinalA
running install
running install_lib
creating /home/ciror/Desktop/robotica/tps/tpFinalA/install/tpFinalA/lib/python3.10/site-packages/tpFinalA
copying /home/ciror/Desktop/robotica/tps/tpFinalA/build/tpFinalA/build/lib/tpFinalA/slam.py -> /home/ciror/Desktop/robotica/tps/tpFinalA/install/tpFinalA/lib/python3.10/site-packages/tpFinalA
copying /home/ciror/Desktop/robotica/tps/tpFinalA/build/tpFinalA/build/lib/tpFinalA/odometry.py -> /home/ciror/Desktop/robotica/tps/tpFinalA/install/tpFinalA/lib/python3.10/site-packages/tpFinalA
copying /home/ciror/Desktop/robotica/tps/tpFinalA/build/tpFinalA/build/lib/tpFinalA/__init__.py -> /home/ciror/Desktop/robotica/tps/tpFinalA/install/tpFinalA/lib/python3.10/site-packages/tpFinalA
byte-compiling /home/ciror/Desktop/robotica/tps/tpFinalA/install/tpFinalA/lib/python3.10/site-packages/tpFinalA/slam.py to slam.cpython-310.pyc
byte-compiling /home/ciror/Desktop/robotica/tps/tpFinalA/install/tpFinalA/lib/python3.10/site-packages/tpFinalA/odometry.py to odometry.cpython-310.pyc
byte-compiling /home/ciror/Desktop/robotica/tps/tpFinalA/install/tpFinalA/lib/python3.10/site-packages/tpFinalA/__init__.py to __init__.cpython-310.pyc
running install_data
creating /home/ciror/Desktop/robotica/tps/tpFinalA/install/tpFinalA/share/ament_index
creating /home/ciror/Desktop/robotica/tps/tpFinalA/install/tpFinalA/share/ament_index/resource_index
creating /home/ciror/Desktop/robotica/tps/tpFinalA/install/tpFinalA/share/ament_index/resource_index/packages
copying resource/tpFinalA -> /home/ciror/Desktop/robotica/tps/tpFinalA/install/tpFinalA/share/ament_index/resource_index/packages
copying package.xml -> /home/ciror/Desktop/robotica/tps/tpFinalA/install/tpFinalA/share/tpFinalA
running install_egg_info
Copying ../../../build/tpFinalA/tpFinalA.egg-info to /home/ciror/Desktop/robotica/tps/tpFinalA/install/tpFinalA/lib/python3.10/site-packages/tpFinalA-0.0.0-py3.10.egg-info
running install_scripts
Installing my_fastslam script to /home/ciror/Desktop/robotica/tps/tpFinalA/install/tpFinalA/lib/tpFinalA
Installing my_odometry script to /home/ciror/Desktop/robotica/tps/tpFinalA/install/tpFinalA/lib/tpFinalA
writing list of installed files to '/home/ciror/Desktop/robotica/tps/tpFinalA/build/tpFinalA/install.log'
