[0.464s] Invoking command in '/home/ciror/Desktop/robotica/tps/tpFinalA/ros2_ws/src/tpFinalA': PYTHONPATH=/home/ciror/Desktop/robotica/tps/tpFinalA/ros2_ws/build/tpFinalA/prefix_override:/usr/lib/python3/dist-packages/colcon_core/task/python/colcon_distutils_commands:/home/ciror/Desktop/robotica/tps/tpFinalA/ros2_ws/install/tpFinalA/lib/python3.10/site-packages:${PYTHONPATH} /usr/bin/python3 -W ignore:setup.py install is deprecated -W ignore:easy_install command is deprecated setup.py egg_info --egg-base ../../build/tpFinalA build --build-base /home/ciror/Desktop/robotica/tps/tpFinalA/ros2_ws/build/tpFinalA/build install --record /home/ciror/Desktop/robotica/tps/tpFinalA/ros2_ws/build/tpFinalA/install.log --single-version-externally-managed install_data
[0.649s] running egg_info
[0.649s] writing ../../build/tpFinalA/tpFinalA.egg-info/PKG-INFO
[0.650s] writing dependency_links to ../../build/tpFinalA/tpFinalA.egg-info/dependency_links.txt
[0.650s] writing entry points to ../../build/tpFinalA/tpFinalA.egg-info/entry_points.txt
[0.650s] writing requirements to ../../build/tpFinalA/tpFinalA.egg-info/requires.txt
[0.650s] writing top-level names to ../../build/tpFinalA/tpFinalA.egg-info/top_level.txt
[0.651s] reading manifest file '../../build/tpFinalA/tpFinalA.egg-info/SOURCES.txt'
[0.652s] adding license file 'LICENSE'
[0.653s] writing manifest file '../../build/tpFinalA/tpFinalA.egg-info/SOURCES.txt'
[0.653s] running build
[0.653s] running build_py
[0.653s] copying tpFinalA/slam.py -> /home/ciror/Desktop/robotica/tps/tpFinalA/ros2_ws/build/tpFinalA/build/lib/tpFinalA
[0.653s] running install
[0.653s] running install_lib
[0.653s] copying /home/ciror/Desktop/robotica/tps/tpFinalA/ros2_ws/build/tpFinalA/build/lib/tpFinalA/slam.py -> /home/ciror/Desktop/robotica/tps/tpFinalA/ros2_ws/install/tpFinalA/lib/python3.10/site-packages/tpFinalA
[0.654s] byte-compiling /home/ciror/Desktop/robotica/tps/tpFinalA/ros2_ws/install/tpFinalA/lib/python3.10/site-packages/tpFinalA/slam.py to slam.cpython-310.pyc
[0.656s] running install_data
[0.656s] running install_egg_info
[0.657s] removing '/home/ciror/Desktop/robotica/tps/tpFinalA/ros2_ws/install/tpFinalA/lib/python3.10/site-packages/tpFinalA-0.0.0-py3.10.egg-info' (and everything under it)
[0.657s] Copying ../../build/tpFinalA/tpFinalA.egg-info to /home/ciror/Desktop/robotica/tps/tpFinalA/ros2_ws/install/tpFinalA/lib/python3.10/site-packages/tpFinalA-0.0.0-py3.10.egg-info
[0.657s] running install_scripts
[0.669s] Installing my_fastslam script to /home/ciror/Desktop/robotica/tps/tpFinalA/ros2_ws/install/tpFinalA/lib/tpFinalA
[0.669s] Installing my_odometry script to /home/ciror/Desktop/robotica/tps/tpFinalA/ros2_ws/install/tpFinalA/lib/tpFinalA
[0.669s] writing list of installed files to '/home/ciror/Desktop/robotica/tps/tpFinalA/ros2_ws/build/tpFinalA/install.log'
[0.686s] Invoked command in '/home/ciror/Desktop/robotica/tps/tpFinalA/ros2_ws/src/tpFinalA' returned '0': PYTHONPATH=/home/ciror/Desktop/robotica/tps/tpFinalA/ros2_ws/build/tpFinalA/prefix_override:/usr/lib/python3/dist-packages/colcon_core/task/python/colcon_distutils_commands:/home/ciror/Desktop/robotica/tps/tpFinalA/ros2_ws/install/tpFinalA/lib/python3.10/site-packages:${PYTHONPATH} /usr/bin/python3 -W ignore:setup.py install is deprecated -W ignore:easy_install command is deprecated setup.py egg_info --egg-base ../../build/tpFinalA build --build-base /home/ciror/Desktop/robotica/tps/tpFinalA/ros2_ws/build/tpFinalA/build install --record /home/ciror/Desktop/robotica/tps/tpFinalA/ros2_ws/build/tpFinalA/install.log --single-version-externally-managed install_data
